#
# There is insufficient memory for the Java Runtime Environment to continue.
# Native memory allocation (malloc) failed to allocate 957776 bytes for Chunk::new
# Possible reasons:
#   The system is out of physical RAM or swap space
#   The process is running with CompressedOops enabled, and the Java Heap may be blocking the growth of the native heap
# Possible solutions:
#   Reduce memory load on the system
#   Increase physical memory or swap space
#   Check if swap backing store is full
#   Decrease Java heap size (-Xmx/-Xms)
#   Decrease number of Java threads
#   Decrease Java thread stack sizes (-Xss)
#   Set larger code cache with -XX:ReservedCodeCacheSize=
#   JVM is running with Unscaled Compressed Oops mode in which the Java heap is
#     placed in the first 4GB address space. The Java Heap base address is the
#     maximum limit for the native heap growth. Please use -XX:HeapBaseMinAddress
#     to set the Java Heap base and to place the Java Heap above 4GB virtual address.
# This output file may be truncated or incomplete.
#
#  Out of Memory Error (arena.cpp:189), pid=23820, tid=3800
#
# JRE version: Java(TM) SE Runtime Environment (17.0.8+9) (build 17.0.8+9-LTS-211)
# Java VM: Java HotSpot(TM) 64-Bit Server VM (17.0.8+9-LTS-211, mixed mode, sharing, tiered, compressed oops, compressed class ptrs, g1 gc, windows-amd64)
# No core dump will be written. Minidumps are not enabled by default on client versions of Windows
#

---------------  S U M M A R Y ------------

Command Line: -Dfile.encoding=UTF-8 -Dstdout.encoding=UTF-8 -Dstderr.encoding=UTF-8 -XX:+ShowCodeDetailsInExceptionMessages com.example.orderinventory.order_service.OrderServiceApplication

Host: 11th Gen Intel(R) Core(TM) i3-1125G4 @ 2.00GHz, 8 cores, 7G,  Windows 11 , 64 bit Build 26100 (10.0.26100.4768)
Time: Sat Jul 26 17:20:10 2025 India Standard Time elapsed time: 26.563190 seconds (0d 0h 0m 26s)

---------------  T H R E A D  ---------------

Current thread (0x000001e6ff8d5830):  JavaThread "C2 CompilerThread0" daemon [_thread_in_native, id=3800, stack(0x00000046e3f00000,0x00000046e4000000)]


Current CompileTask:
C2:  26563 5713       4       java.lang.invoke.LambdaForm$Name::replaceNames (175 bytes)

Stack: [0x00000046e3f00000,0x00000046e4000000]
Native frames: (J=compiled Java code, j=interpreted, Vv=VM code, C=native code)
V  [jvm.dll+0x677d0a]
V  [jvm.dll+0x7d8c54]
V  [jvm.dll+0x7da3fe]
V  [jvm.dll+0x7daa63]
V  [jvm.dll+0x245c5f]
V  [jvm.dll+0xaaa6b]
V  [jvm.dll+0xab00c]
V  [jvm.dll+0x2ab5cf]
V  [jvm.dll+0x580435]
V  [jvm.dll+0x220b22]
V  [jvm.dll+0x219bfd]
V  [jvm.dll+0x217329]
V  [jvm.dll+0x1a3af0]
V  [jvm.dll+0x2270be]
V  [jvm.dll+0x22535b]
V  [jvm.dll+0x78e7bc]
V  [jvm.dll+0x788bba]
V  [jvm.dll+0x676b35]
C  [ucrtbase.dll+0x37b0]
C  [KERNEL32.DLL+0x2e8d7]
C  [ntdll.dll+0x3c34c]


---------------  P R O C E S S  ---------------

Threads class SMR info:
_java_thread_list=0x000001e6e17477a0, length=32, elements={
0x000001e6ff8cdc90, 0x000001e6ff8ce550, 0x000001e6ff8de780, 0x000001e6ff8df040,
0x000001e6ff8df900, 0x000001e6ff8e61e0, 0x000001e6ff8d5830, 0x000001e6ff8d6250,
0x000001e6ff917770, 0x000001e69aa3a810, 0x000001e69aa4b700, 0x000001e6e2dff1b0,
0x000001e6e1724840, 0x000001e6e17221c0, 0x000001e6e1723500, 0x000001e6e17239d0,
0x000001e6e17256b0, 0x000001e6e1722b60, 0x000001e6e4f19b00, 0x000001e6e4f1ae40,
0x000001e6e4f18c90, 0x000001e6e4f1b310, 0x000001e6e4f182f0, 0x000001e6e4f1a4a0,
0x000001e6e4f19630, 0x000001e6e4f19fd0, 0x000001e6e4f1bcb0, 0x000001e6e4f1b7e0,
0x000001e6e4f187c0, 0x000001e6e4f1c180, 0x000001e6e4f1a970, 0x000001e6e0c300e0
}

Java Threads: ( => current thread )
  0x000001e6ff8cdc90 JavaThread "Reference Handler" daemon [_thread_blocked, id=16652, stack(0x00000046e3900000,0x00000046e3a00000)]
  0x000001e6ff8ce550 JavaThread "Finalizer" daemon [_thread_blocked, id=19752, stack(0x00000046e3a00000,0x00000046e3b00000)]
  0x000001e6ff8de780 JavaThread "Signal Dispatcher" daemon [_thread_blocked, id=16320, stack(0x00000046e3b00000,0x00000046e3c00000)]
  0x000001e6ff8df040 JavaThread "Attach Listener" daemon [_thread_blocked, id=16832, stack(0x00000046e3c00000,0x00000046e3d00000)]
  0x000001e6ff8df900 JavaThread "Service Thread" daemon [_thread_blocked, id=24304, stack(0x00000046e3d00000,0x00000046e3e00000)]
  0x000001e6ff8e61e0 JavaThread "Monitor Deflation Thread" daemon [_thread_blocked, id=4432, stack(0x00000046e3e00000,0x00000046e3f00000)]
=>0x000001e6ff8d5830 JavaThread "C2 CompilerThread0" daemon [_thread_in_native, id=3800, stack(0x00000046e3f00000,0x00000046e4000000)]
  0x000001e6ff8d6250 JavaThread "C1 CompilerThread0" daemon [_thread_blocked, id=3284, stack(0x00000046e4000000,0x00000046e4100000)]
  0x000001e6ff917770 JavaThread "Sweeper thread" daemon [_thread_blocked, id=4456, stack(0x00000046e4100000,0x00000046e4200000)]
  0x000001e69aa3a810 JavaThread "Notification Thread" daemon [_thread_blocked, id=16820, stack(0x00000046e4200000,0x00000046e4300000)]
  0x000001e69aa4b700 JavaThread "Common-Cleaner" daemon [_thread_blocked, id=14872, stack(0x00000046e4400000,0x00000046e4500000)]
  0x000001e6e2dff1b0 JavaThread "mysql-cj-abandoned-connection-cleanup" daemon [_thread_blocked, id=23152, stack(0x00000046e5100000,0x00000046e5200000)]
  0x000001e6e1724840 JavaThread "HikariPool-1 housekeeper" daemon [_thread_blocked, id=21800, stack(0x00000046e5300000,0x00000046e5400000)]
  0x000001e6e17221c0 JavaThread "Catalina-utility-1" [_thread_blocked, id=15764, stack(0x00000046e5500000,0x00000046e5600000)]
  0x000001e6e1723500 JavaThread "Catalina-utility-2" [_thread_blocked, id=17744, stack(0x00000046e5600000,0x00000046e5700000)]
  0x000001e6e17239d0 JavaThread "container-0" [_thread_blocked, id=14284, stack(0x00000046e5700000,0x00000046e5800000)]
  0x000001e6e17256b0 JavaThread "File Watcher" daemon [_thread_blocked, id=9964, stack(0x00000046e5800000,0x00000046e5900000)]
  0x000001e6e1722b60 JavaThread "spring.cloud.inetutils" daemon [_thread_blocked, id=22784, stack(0x00000046e5900000,0x00000046e5a00000)]
  0x000001e6e4f19b00 JavaThread "http-nio-8083-exec-1" daemon [_thread_in_vm, id=21436, stack(0x00000046e5a00000,0x00000046e5b00000)]
  0x000001e6e4f1ae40 JavaThread "http-nio-8083-exec-2" daemon [_thread_blocked, id=3432, stack(0x00000046e5b00000,0x00000046e5c00000)]
  0x000001e6e4f18c90 JavaThread "http-nio-8083-exec-3" daemon [_thread_blocked, id=24432, stack(0x00000046e5c00000,0x00000046e5d00000)]
  0x000001e6e4f1b310 JavaThread "http-nio-8083-exec-4" daemon [_thread_blocked, id=4884, stack(0x00000046e5d00000,0x00000046e5e00000)]
  0x000001e6e4f182f0 JavaThread "http-nio-8083-exec-5" daemon [_thread_blocked, id=19964, stack(0x00000046e5e00000,0x00000046e5f00000)]
  0x000001e6e4f1a4a0 JavaThread "http-nio-8083-exec-6" daemon [_thread_blocked, id=2528, stack(0x00000046e5f00000,0x00000046e6000000)]
  0x000001e6e4f19630 JavaThread "http-nio-8083-exec-7" daemon [_thread_blocked, id=15904, stack(0x00000046e6000000,0x00000046e6100000)]
  0x000001e6e4f19fd0 JavaThread "http-nio-8083-exec-8" daemon [_thread_blocked, id=18672, stack(0x00000046e6100000,0x00000046e6200000)]
  0x000001e6e4f1bcb0 JavaThread "http-nio-8083-exec-9" daemon [_thread_blocked, id=23424, stack(0x00000046e6200000,0x00000046e6300000)]
  0x000001e6e4f1b7e0 JavaThread "http-nio-8083-exec-10" daemon [_thread_blocked, id=11916, stack(0x00000046e6300000,0x00000046e6400000)]
  0x000001e6e4f187c0 JavaThread "http-nio-8083-Poller" daemon [_thread_in_native, id=23380, stack(0x00000046e6400000,0x00000046e6500000)]
  0x000001e6e4f1c180 JavaThread "http-nio-8083-Acceptor" daemon [_thread_in_native, id=3440, stack(0x00000046e6500000,0x00000046e6600000)]
  0x000001e6e4f1a970 JavaThread "DestroyJavaVM" [_thread_blocked, id=22572, stack(0x00000046e3100000,0x00000046e3200000)]
  0x000001e6e0c300e0 JavaThread "C2 CompilerThread1" daemon [_thread_in_native, id=12056, stack(0x00000046e4500000,0x00000046e4600000)]

Other Threads:
  0x000001e6ff8c7fa0 VMThread "VM Thread" [stack: 0x00000046e3800000,0x00000046e3900000] [id=15584]
  0x000001e6ff753530 WatcherThread [stack: 0x00000046e4300000,0x00000046e4400000] [id=24216]
  0x000001e6fc9a6f90 GCTaskThread "GC Thread#0" [stack: 0x00000046e3300000,0x00000046e3400000] [id=22772]
  0x000001e6e11c0650 GCTaskThread "GC Thread#1" [stack: 0x00000046e4700000,0x00000046e4800000] [id=22536]
  0x000001e6e11bf0d0 GCTaskThread "GC Thread#2" [stack: 0x00000046e4800000,0x00000046e4900000] [id=8820]
  0x000001e6e11bf630 GCTaskThread "GC Thread#3" [stack: 0x00000046e4900000,0x00000046e4a00000] [id=2104]
  0x000001e6e11bf8e0 GCTaskThread "GC Thread#4" [stack: 0x00000046e4a00000,0x00000046e4b00000] [id=9040]
  0x000001e6e11c00f0 GCTaskThread "GC Thread#5" [stack: 0x00000046e4d00000,0x00000046e4e00000] [id=23680]
  0x000001e6e11c03a0 GCTaskThread "GC Thread#6" [stack: 0x00000046e4e00000,0x00000046e4f00000] [id=19052]
  0x000001e6e11c0900 GCTaskThread "GC Thread#7" [stack: 0x00000046e4f00000,0x00000046e5000000] [id=23584]
  0x000001e6fc9ae3a0 ConcurrentGCThread "G1 Main Marker" [stack: 0x00000046e3400000,0x00000046e3500000] [id=24552]
  0x000001e6ff7496c0 ConcurrentGCThread "G1 Conc#0" [stack: 0x00000046e3500000,0x00000046e3600000] [id=11340]
  0x000001e6e2756210 ConcurrentGCThread "G1 Conc#1" [stack: 0x00000046e4600000,0x00000046e4700000] [id=736]
  0x000001e6ff7f5790 ConcurrentGCThread "G1 Refine#0" [stack: 0x00000046e3600000,0x00000046e3700000] [id=17076]
  0x000001e6ff7f5f60 ConcurrentGCThread "G1 Service" [stack: 0x00000046e3700000,0x00000046e3800000] [id=19808]

Threads with active compile tasks:
C2 CompilerThread0    26603 5713       4       java.lang.invoke.LambdaForm$Name::replaceNames (175 bytes)
C2 CompilerThread1    26603 5712       4       java.lang.invoke.MethodType::makeImpl (109 bytes)

VM state: not at safepoint (normal execution)

VM Mutex/Monitor currently owned by a thread: None

Heap address: 0x0000000085800000, size: 1960 MB, Compressed Oops mode: 32-bit

CDS archive(s) mapped at: [0x000001e69b000000-0x000001e69bbd0000-0x000001e69bbd0000), size 12386304, SharedBaseAddress: 0x000001e69b000000, ArchiveRelocationMode: 1.
Compressed class space mapped at: 0x000001e69c000000-0x000001e6dc000000, reserved size: 1073741824
Narrow klass base: 0x000001e69b000000, Narrow klass shift: 0, Narrow klass range: 0x100000000

GC Precious Log:
 CPUs: 8 total, 8 available
 Memory: 7834M
 Large Page Support: Disabled
 NUMA Support: Disabled
 Compressed Oops: Enabled (32-bit)
 Heap Region Size: 1M
 Heap Min Capacity: 8M
 Heap Initial Capacity: 124M
 Heap Max Capacity: 1960M
 Pre-touch: Disabled
 Parallel Workers: 8
 Concurrent Workers: 2
 Concurrent Refinement Workers: 8
 Periodic GC: Disabled

Heap:
 garbage-first heap   total 84992K, used 38433K [0x0000000085800000, 0x0000000100000000)
  region size 1024K, 5 young (5120K), 1 survivors (1024K)
 Metaspace       used 64046K, committed 64640K, reserved 1114112K
  class space    used 8753K, committed 9024K, reserved 1048576K

Heap Regions: E=young(eden), S=young(survivor), O=old, HS=humongous(starts), HC=humongous(continues), CS=collection set, F=free, OA=open archive, CA=closed archive, TAMS=top-at-mark-start (previous, next)
|   0|0x0000000085800000, 0x0000000085900000, 0x0000000085900000|100%|HS|  |TAMS 0x0000000085900000, 0x0000000085800000| Complete 
|   1|0x0000000085900000, 0x0000000085a00000, 0x0000000085a00000|100%|HS|  |TAMS 0x0000000085a00000, 0x0000000085900000| Complete 
|   2|0x0000000085a00000, 0x0000000085b00000, 0x0000000085b00000|100%| O|  |TAMS 0x0000000085b00000, 0x0000000085a00000| Untracked 
|   3|0x0000000085b00000, 0x0000000085c00000, 0x0000000085c00000|100%| O|  |TAMS 0x0000000085c00000, 0x0000000085b00000| Untracked 
|   4|0x0000000085c00000, 0x0000000085d00000, 0x0000000085d00000|100%| O|  |TAMS 0x0000000085d00000, 0x0000000085c00000| Untracked 
|   5|0x0000000085d00000, 0x0000000085e00000, 0x0000000085e00000|100%| O|  |TAMS 0x0000000085e00000, 0x0000000085d00000| Untracked 
|   6|0x0000000085e00000, 0x0000000085f00000, 0x0000000085f00000|100%| O|  |TAMS 0x0000000085f00000, 0x0000000085e00000| Untracked 
|   7|0x0000000085f00000, 0x0000000086000000, 0x0000000086000000|100%| O|  |TAMS 0x0000000085f00000, 0x0000000085f00000| Untracked 
|   8|0x0000000086000000, 0x0000000086100000, 0x0000000086100000|100%| O|  |TAMS 0x0000000086100000, 0x0000000086000000| Untracked 
|   9|0x0000000086100000, 0x0000000086200000, 0x0000000086200000|100%| O|  |TAMS 0x0000000086200000, 0x0000000086100000| Untracked 
|  10|0x0000000086200000, 0x0000000086300000, 0x0000000086300000|100%| O|  |TAMS 0x0000000086300000, 0x0000000086200000| Untracked 
|  11|0x0000000086300000, 0x00000000863f2200, 0x0000000086400000| 94%| O|  |TAMS 0x00000000863f2200, 0x0000000086300000| Untracked 
|  12|0x0000000086400000, 0x0000000086500000, 0x0000000086500000|100%| O|  |TAMS 0x0000000086500000, 0x0000000086400000| Untracked 
|  13|0x0000000086500000, 0x0000000086600000, 0x0000000086600000|100%| O|  |TAMS 0x0000000086600000, 0x0000000086500000| Untracked 
|  14|0x0000000086600000, 0x0000000086700000, 0x0000000086700000|100%| O|  |TAMS 0x0000000086700000, 0x0000000086600000| Untracked 
|  15|0x0000000086700000, 0x0000000086800000, 0x0000000086800000|100%| O|  |TAMS 0x0000000086800000, 0x0000000086700000| Untracked 
|  16|0x0000000086800000, 0x0000000086900000, 0x0000000086900000|100%| O|  |TAMS 0x0000000086900000, 0x0000000086800000| Untracked 
|  17|0x0000000086900000, 0x0000000086a00000, 0x0000000086a00000|100%| O|  |TAMS 0x0000000086a00000, 0x0000000086900000| Untracked 
|  18|0x0000000086a00000, 0x0000000086b00000, 0x0000000086b00000|100%| O|  |TAMS 0x0000000086b00000, 0x0000000086a00000| Untracked 
|  19|0x0000000086b00000, 0x0000000086c00000, 0x0000000086c00000|100%| O|  |TAMS 0x0000000086c00000, 0x0000000086b00000| Untracked 
|  20|0x0000000086c00000, 0x0000000086d00000, 0x0000000086d00000|100%| O|  |TAMS 0x0000000086d00000, 0x0000000086c00000| Untracked 
|  21|0x0000000086d00000, 0x0000000086e00000, 0x0000000086e00000|100%| O|  |TAMS 0x0000000086e00000, 0x0000000086d00000| Untracked 
|  22|0x0000000086e00000, 0x0000000086f00000, 0x0000000086f00000|100%| O|  |TAMS 0x0000000086f00000, 0x0000000086e00000| Untracked 
|  23|0x0000000086f00000, 0x0000000087000000, 0x0000000087000000|100%| O|  |TAMS 0x0000000086f11800, 0x0000000086f00000| Untracked 
|  24|0x0000000087000000, 0x0000000087100000, 0x0000000087100000|100%| O|  |TAMS 0x0000000087000000, 0x0000000087000000| Untracked 
|  25|0x0000000087100000, 0x0000000087200000, 0x0000000087200000|100%| O|  |TAMS 0x0000000087100000, 0x0000000087100000| Untracked 
|  26|0x0000000087200000, 0x0000000087300000, 0x0000000087300000|100%| O|  |TAMS 0x0000000087300000, 0x0000000087200000| Untracked 
|  27|0x0000000087300000, 0x0000000087400000, 0x0000000087400000|100%| O|  |TAMS 0x0000000087400000, 0x0000000087300000| Untracked 
|  28|0x0000000087400000, 0x0000000087500000, 0x0000000087500000|100%| O|  |TAMS 0x0000000087500000, 0x0000000087400000| Untracked 
|  29|0x0000000087500000, 0x0000000087500000, 0x0000000087600000|  0%| F|  |TAMS 0x0000000087500000, 0x0000000087500000| Untracked 
|  30|0x0000000087600000, 0x0000000087700000, 0x0000000087700000|100%| O|  |TAMS 0x0000000087700000, 0x0000000087600000| Untracked 
|  31|0x0000000087700000, 0x0000000087800000, 0x0000000087800000|100%| O|  |TAMS 0x0000000087700000, 0x0000000087700000| Untracked 
|  32|0x0000000087800000, 0x0000000087900000, 0x0000000087900000|100%| O|  |TAMS 0x0000000087800000, 0x0000000087800000| Untracked 
|  33|0x0000000087900000, 0x0000000087a00000, 0x0000000087a00000|100%| O|  |TAMS 0x0000000087900000, 0x0000000087900000| Untracked 
|  34|0x0000000087a00000, 0x0000000087b00000, 0x0000000087b00000|100%| O|  |TAMS 0x0000000087a00000, 0x0000000087a00000| Untracked 
|  35|0x0000000087b00000, 0x0000000087b14800, 0x0000000087c00000|  8%| O|  |TAMS 0x0000000087b00000, 0x0000000087b00000| Untracked 
|  36|0x0000000087c00000, 0x0000000087c00000, 0x0000000087d00000|  0%| F|  |TAMS 0x0000000087c00000, 0x0000000087c00000| Untracked 
|  37|0x0000000087d00000, 0x0000000087d00000, 0x0000000087e00000|  0%| F|  |TAMS 0x0000000087d00000, 0x0000000087d00000| Untracked 
|  38|0x0000000087e00000, 0x0000000087e00000, 0x0000000087f00000|  0%| F|  |TAMS 0x0000000087e00000, 0x0000000087e00000| Untracked 
|  39|0x0000000087f00000, 0x0000000087f00000, 0x0000000088000000|  0%| F|  |TAMS 0x0000000087f00000, 0x0000000087f00000| Untracked 
|  40|0x0000000088000000, 0x0000000088000000, 0x0000000088100000|  0%| F|  |TAMS 0x0000000088000000, 0x0000000088000000| Untracked 
|  41|0x0000000088100000, 0x0000000088100000, 0x0000000088200000|  0%| F|  |TAMS 0x0000000088100000, 0x0000000088100000| Untracked 
|  42|0x0000000088200000, 0x0000000088200000, 0x0000000088300000|  0%| F|  |TAMS 0x0000000088200000, 0x0000000088200000| Untracked 
|  43|0x0000000088300000, 0x0000000088300000, 0x0000000088400000|  0%| F|  |TAMS 0x0000000088300000, 0x0000000088300000| Untracked 
|  44|0x0000000088400000, 0x0000000088400000, 0x0000000088500000|  0%| F|  |TAMS 0x0000000088400000, 0x0000000088400000| Untracked 
|  45|0x0000000088500000, 0x0000000088500000, 0x0000000088600000|  0%| F|  |TAMS 0x0000000088500000, 0x0000000088500000| Untracked 
|  46|0x0000000088600000, 0x0000000088600000, 0x0000000088700000|  0%| F|  |TAMS 0x0000000088600000, 0x0000000088600000| Untracked 
|  47|0x0000000088700000, 0x0000000088700000, 0x0000000088800000|  0%| F|  |TAMS 0x0000000088700000, 0x0000000088700000| Untracked 
|  48|0x0000000088800000, 0x0000000088800000, 0x0000000088900000|  0%| F|  |TAMS 0x0000000088800000, 0x0000000088800000| Untracked 
|  49|0x0000000088900000, 0x0000000088900000, 0x0000000088a00000|  0%| F|  |TAMS 0x0000000088900000, 0x0000000088900000| Untracked 
|  50|0x0000000088a00000, 0x0000000088a00000, 0x0000000088b00000|  0%| F|  |TAMS 0x0000000088a00000, 0x0000000088a00000| Untracked 
|  51|0x0000000088b00000, 0x0000000088b00000, 0x0000000088c00000|  0%| F|  |TAMS 0x0000000088b00000, 0x0000000088b00000| Untracked 
|  52|0x0000000088c00000, 0x0000000088c00000, 0x0000000088d00000|  0%| F|  |TAMS 0x0000000088c00000, 0x0000000088c00000| Untracked 
|  53|0x0000000088d00000, 0x0000000088d00000, 0x0000000088e00000|  0%| F|  |TAMS 0x0000000088d00000, 0x0000000088d00000| Untracked 
|  54|0x0000000088e00000, 0x0000000088e00000, 0x0000000088f00000|  0%| F|  |TAMS 0x0000000088e00000, 0x0000000088e00000| Untracked 
|  55|0x0000000088f00000, 0x0000000088f00000, 0x0000000089000000|  0%| F|  |TAMS 0x0000000088f00000, 0x0000000088f00000| Untracked 
|  56|0x0000000089000000, 0x0000000089000000, 0x0000000089100000|  0%| F|  |TAMS 0x0000000089000000, 0x0000000089000000| Untracked 
|  57|0x0000000089100000, 0x0000000089100000, 0x0000000089200000|  0%| F|  |TAMS 0x0000000089100000, 0x0000000089100000| Untracked 
|  58|0x0000000089200000, 0x0000000089200000, 0x0000000089300000|  0%| F|  |TAMS 0x0000000089200000, 0x0000000089200000| Untracked 
|  59|0x0000000089300000, 0x0000000089300000, 0x0000000089400000|  0%| F|  |TAMS 0x0000000089300000, 0x0000000089300000| Untracked 
|  60|0x0000000089400000, 0x0000000089400000, 0x0000000089500000|  0%| F|  |TAMS 0x0000000089400000, 0x0000000089400000| Untracked 
|  61|0x0000000089500000, 0x0000000089500000, 0x0000000089600000|  0%| F|  |TAMS 0x0000000089500000, 0x0000000089500000| Untracked 
|  62|0x0000000089600000, 0x0000000089600000, 0x0000000089700000|  0%| F|  |TAMS 0x0000000089600000, 0x0000000089600000| Untracked 
|  63|0x0000000089700000, 0x0000000089700000, 0x0000000089800000|  0%| F|  |TAMS 0x0000000089700000, 0x0000000089700000| Untracked 
|  64|0x0000000089800000, 0x0000000089800000, 0x0000000089900000|  0%| F|  |TAMS 0x0000000089800000, 0x0000000089800000| Untracked 
|  65|0x0000000089900000, 0x0000000089900000, 0x0000000089a00000|  0%| F|  |TAMS 0x0000000089900000, 0x0000000089900000| Untracked 
|  66|0x0000000089a00000, 0x0000000089a00000, 0x0000000089b00000|  0%| F|  |TAMS 0x0000000089a00000, 0x0000000089a00000| Untracked 
|  67|0x0000000089b00000, 0x0000000089b00000, 0x0000000089c00000|  0%| F|  |TAMS 0x0000000089b00000, 0x0000000089b00000| Untracked 
|  68|0x0000000089c00000, 0x0000000089c00000, 0x0000000089d00000|  0%| F|  |TAMS 0x0000000089c00000, 0x0000000089c00000| Untracked 
|  69|0x0000000089d00000, 0x0000000089d00000, 0x0000000089e00000|  0%| F|  |TAMS 0x0000000089d00000, 0x0000000089d00000| Untracked 
|  70|0x0000000089e00000, 0x0000000089e00000, 0x0000000089f00000|  0%| F|  |TAMS 0x0000000089e00000, 0x0000000089e00000| Untracked 
|  71|0x0000000089f00000, 0x0000000089f00000, 0x000000008a000000|  0%| F|  |TAMS 0x0000000089f00000, 0x0000000089f00000| Untracked 
|  72|0x000000008a000000, 0x000000008a000000, 0x000000008a100000|  0%| F|  |TAMS 0x000000008a000000, 0x000000008a000000| Untracked 
|  73|0x000000008a100000, 0x000000008a100000, 0x000000008a200000|  0%| F|  |TAMS 0x000000008a100000, 0x000000008a100000| Untracked 
|  74|0x000000008a200000, 0x000000008a200000, 0x000000008a300000|  0%| F|  |TAMS 0x000000008a200000, 0x000000008a200000| Untracked 
|  75|0x000000008a300000, 0x000000008a300000, 0x000000008a400000|  0%| F|  |TAMS 0x000000008a300000, 0x000000008a300000| Untracked 
|  94|0x000000008b600000, 0x000000008b600000, 0x000000008b700000|  0%| F|  |TAMS 0x000000008b600000, 0x000000008b600000| Untracked 
|  95|0x000000008b700000, 0x000000008b700000, 0x000000008b800000|  0%| F|  |TAMS 0x000000008b700000, 0x000000008b700000| Untracked 
|  96|0x000000008b800000, 0x000000008b8fce80, 0x000000008b900000| 98%| E|  |TAMS 0x000000008b800000, 0x000000008b800000| Complete 
|  97|0x000000008b900000, 0x000000008ba00000, 0x000000008ba00000|100%| E|CS|TAMS 0x000000008b900000, 0x000000008b900000| Complete 
|  98|0x000000008ba00000, 0x000000008bb00000, 0x000000008bb00000|100%| E|CS|TAMS 0x000000008ba00000, 0x000000008ba00000| Complete 
|  99|0x000000008bb00000, 0x000000008bb81aa0, 0x000000008bc00000| 50%| S|CS|TAMS 0x000000008bb00000, 0x000000008bb00000| Complete 
| 123|0x000000008d300000, 0x000000008d400000, 0x000000008d400000|100%| E|CS|TAMS 0x000000008d300000, 0x000000008d300000| Complete 

Card table byte_map: [0x000001e6fd0c0000,0x000001e6fd4a0000] _byte_map_base: 0x000001e6fcc94000

Marking Bits (Prev, Next): (CMBitMap*) 0x000001e6fc9a8500, (CMBitMap*) 0x000001e6fc9a84c0
 Prev Bits: [0x000001e6967d0000, 0x000001e698670000)
 Next Bits: [0x000001e6fd880000, 0x000001e6ff720000)

Polling page: 0x000001e6fbee0000

Metaspace:

Usage:
  Non-class:     54.02 MB used.
      Class:      8.55 MB used.
       Both:     62.57 MB used.

Virtual space:
  Non-class space:       64.00 MB reserved,      54.31 MB ( 85%) committed,  1 nodes.
      Class space:        1.00 GB reserved,       8.81 MB ( <1%) committed,  1 nodes.
             Both:        1.06 GB reserved,      63.12 MB (  6%) committed. 

Chunk freelists:
   Non-Class:  9.58 MB
       Class:  7.02 MB
        Both:  16.59 MB

MaxMetaspaceSize: unlimited
CompressedClassSpaceSize: 1.00 GB
Initial GC threshold: 21.00 MB
Current GC threshold: 98.38 MB
CDS: on
MetaspaceReclaimPolicy: balanced
 - commit_granule_bytes: 65536.
 - commit_granule_words: 8192.
 - virtual_space_node_default_size: 8388608.
 - enlarge_chunks_in_place: 1.
 - new_chunks_are_fully_committed: 0.
 - uncommit_free_chunks: 1.
 - use_allocation_guard: 0.
 - handle_deallocations: 1.


Internal statistics:

num_allocs_failed_limit: 9.
num_arena_births: 770.
num_arena_deaths: 0.
num_vsnodes_births: 2.
num_vsnodes_deaths: 0.
num_space_committed: 1010.
num_space_uncommitted: 0.
num_chunks_returned_to_freelist: 9.
num_chunks_taken_from_freelist: 3071.
num_chunk_merges: 9.
num_chunk_splits: 2238.
num_chunks_enlarged: 1763.
num_purges: 0.
num_inconsistent_stats: 0.

CodeHeap 'non-profiled nmethods': size=120000Kb used=4015Kb max_used=4015Kb free=115984Kb
 bounds [0x000001e68f2a0000, 0x000001e68f690000, 0x000001e6967d0000]
CodeHeap 'profiled nmethods': size=120000Kb used=10069Kb max_used=10069Kb free=109930Kb
 bounds [0x000001e6877d0000, 0x000001e6881b0000, 0x000001e68ed00000]
CodeHeap 'non-nmethods': size=5760Kb used=1353Kb max_used=1447Kb free=4406Kb
 bounds [0x000001e68ed00000, 0x000001e68ef70000, 0x000001e68f2a0000]
 total_blobs=5685 nmethods=5006 adapters=591
 compilation: enabled
              stopped_count=0, restarted_count=0
 full_count=0

Compilation events (20 events):
Event: 26.477 Thread 0x000001e6ff8d6250 5717       3       jdk.internal.misc.Unsafe::weakCompareAndSetLong (11 bytes)
Event: 26.477 Thread 0x000001e6ff8d6250 nmethod 5717 0x000001e6881a3510 code [0x000001e6881a36a0, 0x000001e6881a37d8]
Event: 26.492 Thread 0x000001e6ff8d5830 nmethod 5707 0x000001e68f689190 code [0x000001e68f6893c0, 0x000001e68f68ae20]
Event: 26.492 Thread 0x000001e6ff8d5830 5713       4       java.lang.invoke.LambdaForm$Name::replaceNames (175 bytes)
Event: 26.512 Thread 0x000001e6ff8d6250 5718       3       java.util.zip.ZipFile$ZipFileInflaterInputStream::available (44 bytes)
Event: 26.512 Thread 0x000001e6ff8d6250 nmethod 5718 0x000001e6881a3890 code [0x000001e6881a3a60, 0x000001e6881a3de8]
Event: 26.512 Thread 0x000001e6ff8d6250 5719   !   3       java.util.zip.Inflater::getBytesWritten (23 bytes)
Event: 26.512 Thread 0x000001e6ff8d6250 nmethod 5719 0x000001e6881a3f10 code [0x000001e6881a40c0, 0x000001e6881a42e8]
Event: 26.512 Thread 0x000001e6ff8d6250 5721       3       java.lang.invoke.LambdaFormEditor::foldArgumentsForm (102 bytes)
Event: 26.513 Thread 0x000001e6ff8d6250 nmethod 5721 0x000001e6881a4410 code [0x000001e6881a45e0, 0x000001e6881a48d8]
Event: 26.513 Thread 0x000001e6ff8d6250 5722       3       java.util.logging.LogManager$LoggerContext::getGlobalLogger (6 bytes)
Event: 26.513 Thread 0x000001e6ff8d6250 nmethod 5722 0x000001e6881a4a10 code [0x000001e6881a4ba0, 0x000001e6881a4cb8]
Event: 26.524 Thread 0x000001e6ff8d6250 5726       3       java.lang.invoke.MethodTypeForm::findForm (24 bytes)
Event: 26.524 Thread 0x000001e6ff8d6250 nmethod 5726 0x000001e6881a4d90 code [0x000001e6881a4f40, 0x000001e6881a5198]
Event: 26.528 Thread 0x000001e6ff8d6250 5728       3       java.util.regex.Pattern$CharProperty::<init> (10 bytes)
Event: 26.528 Thread 0x000001e6ff8d6250 nmethod 5728 0x000001e6881a5290 code [0x000001e6881a5440, 0x000001e6881a56d8]
Event: 26.558 Thread 0x000001e6ff8d6250 5729   !   3       java.nio.CharBuffer::wrap (21 bytes)
Event: 26.558 Thread 0x000001e6ff8d6250 nmethod 5729 0x000001e6881a5790 code [0x000001e6881a5940, 0x000001e6881a5bd8]
Event: 26.558 Thread 0x000001e6ff8d6250 5730       3       java.nio.HeapCharBuffer::<init> (23 bytes)
Event: 26.558 Thread 0x000001e6ff8d6250 nmethod 5730 0x000001e6881a5d10 code [0x000001e6881a5ec0, 0x000001e6881a6048]

GC Heap History (20 events):
Event: 3.505 GC heap before
{Heap before GC invocations=6 (full 0):
 garbage-first heap   total 65536K, used 51582K [0x0000000085800000, 0x0000000100000000)
  region size 1024K, 30 young (30720K), 5 survivors (5120K)
 Metaspace       used 29077K, committed 29440K, reserved 1114112K
  class space    used 3678K, committed 3840K, reserved 1048576K
}
Event: 3.512 GC heap after
{Heap after GC invocations=7 (full 0):
 garbage-first heap   total 65536K, used 24625K [0x0000000085800000, 0x0000000100000000)
  region size 1024K, 4 young (4096K), 4 survivors (4096K)
 Metaspace       used 29077K, committed 29440K, reserved 1114112K
  class space    used 3678K, committed 3840K, reserved 1048576K
}
Event: 4.164 GC heap before
{Heap before GC invocations=7 (full 0):
 garbage-first heap   total 65536K, used 47153K [0x0000000085800000, 0x0000000100000000)
  region size 1024K, 25 young (25600K), 4 survivors (4096K)
 Metaspace       used 33585K, committed 33984K, reserved 1114112K
  class space    used 4190K, committed 4352K, reserved 1048576K
}
Event: 4.169 GC heap after
{Heap after GC invocations=8 (full 0):
 garbage-first heap   total 65536K, used 26822K [0x0000000085800000, 0x0000000100000000)
  region size 1024K, 3 young (3072K), 3 survivors (3072K)
 Metaspace       used 33585K, committed 33984K, reserved 1114112K
  class space    used 4190K, committed 4352K, reserved 1048576K
}
Event: 4.512 GC heap before
{Heap before GC invocations=8 (full 0):
 garbage-first heap   total 65536K, used 36038K [0x0000000085800000, 0x0000000100000000)
  region size 1024K, 13 young (13312K), 3 survivors (3072K)
 Metaspace       used 35586K, committed 35968K, reserved 1114112K
  class space    used 4452K, committed 4608K, reserved 1048576K
}
Event: 4.516 GC heap after
{Heap after GC invocations=9 (full 0):
 garbage-first heap   total 65536K, used 27795K [0x0000000085800000, 0x0000000100000000)
  region size 1024K, 2 young (2048K), 2 survivors (2048K)
 Metaspace       used 35586K, committed 35968K, reserved 1114112K
  class space    used 4452K, committed 4608K, reserved 1048576K
}
Event: 5.243 GC heap before
{Heap before GC invocations=10 (full 0):
 garbage-first heap   total 65536K, used 48275K [0x0000000085800000, 0x0000000100000000)
  region size 1024K, 22 young (22528K), 2 survivors (2048K)
 Metaspace       used 40553K, committed 41024K, reserved 1114112K
  class space    used 5294K, committed 5568K, reserved 1048576K
}
Event: 5.246 GC heap after
{Heap after GC invocations=11 (full 0):
 garbage-first heap   total 65536K, used 28652K [0x0000000085800000, 0x0000000100000000)
  region size 1024K, 3 young (3072K), 3 survivors (3072K)
 Metaspace       used 40553K, committed 41024K, reserved 1114112K
  class space    used 5294K, committed 5568K, reserved 1048576K
}
Event: 5.295 GC heap before
{Heap before GC invocations=11 (full 0):
 garbage-first heap   total 65536K, used 29676K [0x0000000085800000, 0x0000000100000000)
  region size 1024K, 4 young (4096K), 3 survivors (3072K)
 Metaspace       used 40834K, committed 41280K, reserved 1114112K
  class space    used 5334K, committed 5568K, reserved 1048576K
}
Event: 5.300 GC heap after
{Heap after GC invocations=12 (full 0):
 garbage-first heap   total 65536K, used 27935K [0x0000000085800000, 0x0000000100000000)
  region size 1024K, 1 young (1024K), 1 survivors (1024K)
 Metaspace       used 40834K, committed 41280K, reserved 1114112K
  class space    used 5334K, committed 5568K, reserved 1048576K
}
Event: 5.875 GC heap before
{Heap before GC invocations=12 (full 0):
 garbage-first heap   total 65536K, used 48415K [0x0000000085800000, 0x0000000100000000)
  region size 1024K, 21 young (21504K), 1 survivors (1024K)
 Metaspace       used 45647K, committed 46144K, reserved 1114112K
  class space    used 5997K, committed 6208K, reserved 1048576K
}
Event: 5.878 GC heap after
{Heap after GC invocations=13 (full 0):
 garbage-first heap   total 84992K, used 28817K [0x0000000085800000, 0x0000000100000000)
  region size 1024K, 2 young (2048K), 2 survivors (2048K)
 Metaspace       used 45647K, committed 46144K, reserved 1114112K
  class space    used 5997K, committed 6208K, reserved 1048576K
}
Event: 6.768 GC heap before
{Heap before GC invocations=13 (full 0):
 garbage-first heap   total 84992K, used 62609K [0x0000000085800000, 0x0000000100000000)
  region size 1024K, 35 young (35840K), 2 survivors (2048K)
 Metaspace       used 55582K, committed 56128K, reserved 1114112K
  class space    used 7582K, committed 7872K, reserved 1048576K
}
Event: 6.771 GC heap after
{Heap after GC invocations=14 (full 0):
 garbage-first heap   total 84992K, used 30193K [0x0000000085800000, 0x0000000100000000)
  region size 1024K, 3 young (3072K), 3 survivors (3072K)
 Metaspace       used 55582K, committed 56128K, reserved 1114112K
  class space    used 7582K, committed 7872K, reserved 1048576K
}
Event: 7.475 GC heap before
{Heap before GC invocations=14 (full 0):
 garbage-first heap   total 84992K, used 56817K [0x0000000085800000, 0x0000000100000000)
  region size 1024K, 30 young (30720K), 3 survivors (3072K)
 Metaspace       used 59732K, committed 60288K, reserved 1114112K
  class space    used 8116K, committed 8384K, reserved 1048576K
}
Event: 7.481 GC heap after
{Heap after GC invocations=15 (full 0):
 garbage-first heap   total 84992K, used 32871K [0x0000000085800000, 0x0000000100000000)
  region size 1024K, 5 young (5120K), 5 survivors (5120K)
 Metaspace       used 59732K, committed 60288K, reserved 1114112K
  class space    used 8116K, committed 8384K, reserved 1048576K
}
Event: 26.458 GC heap before
{Heap before GC invocations=16 (full 0):
 garbage-first heap   total 84992K, used 65639K [0x0000000085800000, 0x0000000100000000)
  region size 1024K, 37 young (37888K), 5 survivors (5120K)
 Metaspace       used 62719K, committed 63296K, reserved 1114112K
  class space    used 8561K, committed 8832K, reserved 1048576K
}
Event: 26.463 GC heap after
{Heap after GC invocations=17 (full 0):
 garbage-first heap   total 84992K, used 35426K [0x0000000085800000, 0x0000000100000000)
  region size 1024K, 3 young (3072K), 3 survivors (3072K)
 Metaspace       used 62719K, committed 63296K, reserved 1114112K
  class space    used 8561K, committed 8832K, reserved 1048576K
}
Event: 26.482 GC heap before
{Heap before GC invocations=17 (full 0):
 garbage-first heap   total 84992K, used 35426K [0x0000000085800000, 0x0000000100000000)
  region size 1024K, 4 young (4096K), 3 survivors (3072K)
 Metaspace       used 62919K, committed 63552K, reserved 1114112K
  class space    used 8593K, committed 8896K, reserved 1048576K
}
Event: 26.485 GC heap after
{Heap after GC invocations=18 (full 0):
 garbage-first heap   total 84992K, used 35361K [0x0000000085800000, 0x0000000100000000)
  region size 1024K, 1 young (1024K), 1 survivors (1024K)
 Metaspace       used 62919K, committed 63552K, reserved 1114112K
  class space    used 8593K, committed 8896K, reserved 1048576K
}

Deoptimization events (20 events):
Event: 7.964 Thread 0x000001e6e10bdcd0 Uncommon trap: trap_request=0xfffffff4 fr.pc=0x000001e68f427640 relative=0x0000000000000220
Event: 7.964 Thread 0x000001e6e10bdcd0 Uncommon trap: reason=null_check action=make_not_entrant pc=0x000001e68f427640 method=org.springframework.util.ClassUtils.isAssignable(Ljava/lang/Class;Ljava/lang/Class;)Z @ 14 c2
Event: 7.964 Thread 0x000001e6e10bdcd0 DEOPT PACKING pc=0x000001e68f427640 sp=0x00000046e4cfdaf0
Event: 7.964 Thread 0x000001e6e10bdcd0 DEOPT UNPACKING pc=0x000001e68ed55ba3 sp=0x00000046e4cfda80 mode 2
Event: 7.972 Thread 0x000001e6e10bdcd0 Uncommon trap: trap_request=0xffffffc6 fr.pc=0x000001e68f540970 relative=0x0000000000000590
Event: 7.972 Thread 0x000001e6e10bdcd0 Uncommon trap: reason=bimorphic_or_optimized_type_check action=maybe_recompile pc=0x000001e68f540970 method=java.util.Collections$UnmodifiableCollection.contains(Ljava/lang/Object;)Z @ 5 c2
Event: 7.972 Thread 0x000001e6e10bdcd0 DEOPT PACKING pc=0x000001e68f540970 sp=0x00000046e4cfcb40
Event: 7.972 Thread 0x000001e6e10bdcd0 DEOPT UNPACKING pc=0x000001e68ed55ba3 sp=0x00000046e4cfcaf8 mode 2
Event: 7.974 Thread 0x000001e6e10bdcd0 Uncommon trap: trap_request=0xffffff76 fr.pc=0x000001e68f5a51b4 relative=0x0000000000003894
Event: 7.974 Thread 0x000001e6e10bdcd0 Uncommon trap: reason=predicate action=maybe_recompile pc=0x000001e68f5a51b4 method=org.springframework.util.ReflectionUtils.doWithMethods(Ljava/lang/Class;Lorg/springframework/util/ReflectionUtils$MethodCallback;Lorg/springframework/util/ReflectionUtils$
Event: 7.974 Thread 0x000001e6e10bdcd0 DEOPT PACKING pc=0x000001e68f5a51b4 sp=0x00000046e4cfd6f0
Event: 7.974 Thread 0x000001e6e10bdcd0 DEOPT UNPACKING pc=0x000001e68ed55ba3 sp=0x00000046e4cfd738 mode 2
Event: 26.441 Thread 0x000001e6e4f19b00 Uncommon trap: trap_request=0xffffff45 fr.pc=0x000001e68f444888 relative=0x0000000000000268
Event: 26.441 Thread 0x000001e6e4f19b00 Uncommon trap: reason=unstable_if action=reinterpret pc=0x000001e68f444888 method=java.lang.invoke.MethodType.equals(Ljava/lang/Object;)Z @ 11 c2
Event: 26.441 Thread 0x000001e6e4f19b00 DEOPT PACKING pc=0x000001e68f444888 sp=0x00000046e5afe160
Event: 26.441 Thread 0x000001e6e4f19b00 DEOPT UNPACKING pc=0x000001e68ed55ba3 sp=0x00000046e5afe128 mode 2
Event: 26.441 Thread 0x000001e6e4f19b00 Uncommon trap: trap_request=0xffffff54 fr.pc=0x000001e68f37c790 relative=0x0000000000002ab0
Event: 26.441 Thread 0x000001e6e4f19b00 Uncommon trap: reason=speculate_null_assert action=make_not_entrant pc=0x000001e68f37c790 method=java.lang.invoke.MethodType$ConcurrentWeakInternSet.add(Ljava/lang/Object;)Ljava/lang/Object; @ 47 c2
Event: 26.441 Thread 0x000001e6e4f19b00 DEOPT PACKING pc=0x000001e68f37c790 sp=0x00000046e5afe360
Event: 26.441 Thread 0x000001e6e4f19b00 DEOPT UNPACKING pc=0x000001e68ed55ba3 sp=0x00000046e5afe2f8 mode 2

Classes unloaded (0 events):
No events

Classes redefined (0 events):
No events

Internal exceptions (20 events):
Event: 6.697 Thread 0x000001e6e10bdcd0 Exception <a 'java/lang/NoSuchMethodError'{0x0000000088d76000}: 'void java.lang.invoke.DirectMethodHandle$Holder.invokeInterface(java.lang.Object, java.lang.Object)'> (0x0000000088d76000) 
thrown [s\open\src\hotspot\share\interpreter\linkResolver.cpp, line 759]
Event: 6.824 Thread 0x000001e6e10bdcd0 Exception <a 'java/lang/NoSuchMethodError'{0x000000008d3cfd78}: 'java.lang.Object java.lang.invoke.DirectMethodHandle$Holder.invokeSpecial(java.lang.Object, java.lang.Object, int, java.lang.Object, int)'> (0x000000008d3cfd78) 
thrown [s\open\src\hotspot\share\interpreter\linkResolver.cpp, line 759]
Event: 6.914 Thread 0x000001e6e10bdcd0 Exception <a 'java/lang/IncompatibleClassChangeError'{0x000000008b7a9840}: Found class java.lang.Object, but interface was expected> (0x000000008b7a9840) 
thrown [s\open\src\hotspot\share\interpreter\linkResolver.cpp, line 826]
Event: 6.926 Thread 0x000001e6e10bdcd0 Exception <a 'java/lang/IncompatibleClassChangeError'{0x000000008b626a98}: Found class java.lang.Object, but interface was expected> (0x000000008b626a98) 
thrown [s\open\src\hotspot\share\interpreter\linkResolver.cpp, line 826]
Event: 6.966 Thread 0x000001e6e10bdcd0 Exception <a 'java/lang/IncompatibleClassChangeError'{0x000000008a3a8530}: Found class java.lang.Object, but interface was expected> (0x000000008a3a8530) 
thrown [s\open\src\hotspot\share\interpreter\linkResolver.cpp, line 826]
Event: 7.132 Thread 0x000001e6e10bdcd0 Exception <a 'java/lang/IncompatibleClassChangeError'{0x0000000089c6abd0}: Found class java.lang.Object, but interface was expected> (0x0000000089c6abd0) 
thrown [s\open\src\hotspot\share\interpreter\linkResolver.cpp, line 826]
Event: 7.196 Thread 0x000001e6e10bdcd0 Exception <a 'java/lang/reflect/InvocationTargetException'{0x0000000089921480}> (0x0000000089921480) 
thrown [s\open\src\hotspot\share\runtime\reflection.cpp, line 1121]
Event: 7.282 Thread 0x000001e6e10bdcd0 Exception <a 'java/lang/NoSuchMethodError'{0x00000000896028f0}: 'java.lang.Object java.lang.invoke.DirectMethodHandle$Holder.newInvokeSpecial(java.lang.Object, java.lang.Object, int, java.lang.Object, java.lang.Object)'> (0x00000000896028f0) 
thrown [s\open\src\hotspot\share\interpreter\linkResolver.cpp, line 759]
Event: 7.346 Thread 0x000001e6e10bdcd0 Exception <a 'java/net/BindException'{0x00000000894aa648}: Address already in use: bind> (0x00000000894aa648) 
thrown [s\open\src\hotspot\share\prims\jni.cpp, line 535]
Event: 7.346 Thread 0x000001e6e10bdcd0 Exception <a 'java/net/SocketException'{0x00000000894aafd8}: Socket is not connected: shutdown> (0x00000000894aafd8) 
thrown [s\open\src\hotspot\share\prims\jni.cpp, line 535]
Event: 7.380 Thread 0x000001e6e10bdcd0 Exception <a 'java/lang/IncompatibleClassChangeError'{0x00000000893ac320}: Found class java.lang.Object, but interface was expected> (0x00000000893ac320) 
thrown [s\open\src\hotspot\share\interpreter\linkResolver.cpp, line 826]
Event: 7.412 Thread 0x000001e6e10bdcd0 Exception <a 'java/lang/reflect/InvocationTargetException'{0x00000000892b8240}> (0x00000000892b8240) 
thrown [s\open\src\hotspot\share\runtime\reflection.cpp, line 1121]
Event: 7.702 Thread 0x000001e6e10bdcd0 Exception <a 'sun/nio/fs/WindowsException'{0x000000008a32a0e0}> (0x000000008a32a0e0) 
thrown [s\open\src\hotspot\share\prims\jni.cpp, line 516]
Event: 7.790 Thread 0x000001e6e10bdcd0 Exception <a 'java/lang/IncompatibleClassChangeError'{0x000000008a0fdff8}: Found class java.lang.Object, but interface was expected> (0x000000008a0fdff8) 
thrown [s\open\src\hotspot\share\interpreter\linkResolver.cpp, line 826]
Event: 7.843 Thread 0x000001e6e10bdcd0 Exception <a 'java/lang/NoSuchMethodError'{0x0000000089ea6338}: 'void java.lang.invoke.DirectMethodHandle$Holder.invokeVirtual(java.lang.Object, java.lang.Object, long)'> (0x0000000089ea6338) 
thrown [s\open\src\hotspot\share\interpreter\linkResolver.cpp, line 759]
Event: 7.919 Thread 0x000001e6e10bdcd0 Exception <a 'java/lang/NoSuchMethodError'{0x0000000089a04248}: 'int java.lang.invoke.DirectMethodHandle$Holder.invokeStaticInit(java.lang.Object, java.lang.Object, java.lang.Object, java.lang.Object)'> (0x0000000089a04248) 
thrown [s\open\src\hotspot\share\interpreter\linkResolver.cpp, line 759]
Event: 7.952 Thread 0x000001e6e10bdcd0 Exception <a 'java/lang/IncompatibleClassChangeError'{0x0000000089adfb10}: Found class java.lang.Object, but interface was expected> (0x0000000089adfb10) 
thrown [s\open\src\hotspot\share\interpreter\linkResolver.cpp, line 826]
Event: 7.964 Thread 0x000001e6e10bdcd0 Implicit null exception at 0x000001e68f42743a to 0x000001e68f42762c
Event: 26.476 Thread 0x000001e6e4f1ae40 Exception <a 'java/lang/NoSuchMethodError'{0x000000008d3a87e0}: 'java.lang.Object java.lang.invoke.DirectMethodHandle$Holder.invokeSpecial(java.lang.Object, java.lang.Object, java.lang.Object, java.lang.Object, java.lang.Object, long)'> (0x000000008d3a87e0) 
thrown [s\open\src\hotspot\share\interpreter\linkResolver.cpp, line 759]
Event: 26.476 Thread 0x000001e6e4f1ae40 Exception <a 'java/lang/NoSuchMethodError'{0x000000008d3ac928}: 'java.lang.Object java.lang.invoke.Invokers$Holder.linkToTargetMethod(java.lang.Object, java.lang.Object, java.lang.Object, long, java.lang.Object)'> (0x000000008d3ac928) 
thrown [s\open\src\hotspot\share\interpreter\linkResolver.cpp, line 759]

VM Operations (20 events):
Event: 7.582 Executing VM operation: HandshakeAllThreads
Event: 7.582 Executing VM operation: HandshakeAllThreads done
Event: 7.628 Executing VM operation: HandshakeAllThreads
Event: 7.628 Executing VM operation: HandshakeAllThreads done
Event: 7.868 Executing VM operation: HandshakeAllThreads
Event: 7.868 Executing VM operation: HandshakeAllThreads done
Event: 7.868 Executing VM operation: HandshakeAllThreads
Event: 7.868 Executing VM operation: HandshakeAllThreads done
Event: 8.546 Executing VM operation: ICBufferFull
Event: 8.546 Executing VM operation: ICBufferFull done
Event: 9.546 Executing VM operation: Cleanup
Event: 9.546 Executing VM operation: Cleanup done
Event: 15.596 Executing VM operation: Cleanup
Event: 15.596 Executing VM operation: Cleanup done
Event: 26.458 Executing VM operation: G1CollectForAllocation
Event: 26.464 Executing VM operation: G1CollectForAllocation done
Event: 26.482 Executing VM operation: G1CollectForAllocation
Event: 26.485 Executing VM operation: G1CollectForAllocation done
Event: 26.497 Executing VM operation: HandshakeAllThreads
Event: 26.497 Executing VM operation: HandshakeAllThreads done

Events (20 events):
Event: 26.436 loading class sun/nio/ch/SocketAdaptor done
Event: 26.437 loading class sun/nio/ch/SocketChannelImpl$DefaultOptionsHolder
Event: 26.437 loading class sun/nio/ch/SocketChannelImpl$DefaultOptionsHolder done
Event: 26.438 loading class sun/nio/ch/SelectionKeyImpl
Event: 26.439 loading class java/nio/channels/spi/AbstractSelectionKey
Event: 26.439 loading class java/nio/channels/SelectionKey
Event: 26.439 loading class java/nio/channels/SelectionKey done
Event: 26.439 loading class java/nio/channels/spi/AbstractSelectionKey done
Event: 26.439 loading class sun/nio/ch/SelectionKeyImpl done
Event: 26.439 loading class java/lang/invoke/ConstantBootstraps
Event: 26.439 loading class java/lang/invoke/ConstantBootstraps done
Event: 26.476 Thread 0x000001e6e0c300e0 Thread added: 0x000001e6e0c300e0
Event: 26.479 loading class sun/nio/cs/ThreadLocalCoders
Event: 26.479 loading class sun/nio/cs/ThreadLocalCoders done
Event: 26.479 loading class sun/nio/cs/ThreadLocalCoders$1
Event: 26.479 loading class sun/nio/cs/ThreadLocalCoders$Cache
Event: 26.479 loading class sun/nio/cs/ThreadLocalCoders$Cache done
Event: 26.479 loading class sun/nio/cs/ThreadLocalCoders$1 done
Event: 26.479 loading class sun/nio/cs/ThreadLocalCoders$2
Event: 26.479 loading class sun/nio/cs/ThreadLocalCoders$2 done


Dynamic libraries:
0x00007ff649620000 - 0x00007ff649630000 	C:\Program Files\Java\jdk-17\bin\javaw.exe
0x00007fff68040000 - 0x00007fff682a7000 	C:\WINDOWS\SYSTEM32\ntdll.dll
0x00007fff65eb0000 - 0x00007fff65f79000 	C:\WINDOWS\System32\KERNEL32.DLL
0x00007fff657b0000 - 0x00007fff65ba0000 	C:\WINDOWS\System32\KERNELBASE.dll
0x00007fff3c8f0000 - 0x00007fff3c961000 	C:\Program Files (x86)\K7 Computing\K7TSecurity\K7CrvrEx64.dll
0x00007fff66c00000 - 0x00007fff66dc5000 	C:\WINDOWS\System32\USER32.dll
0x00007fff65430000 - 0x00007fff65457000 	C:\WINDOWS\System32\win32u.dll
0x00007fff662d0000 - 0x00007fff662fb000 	C:\WINDOWS\System32\GDI32.dll
0x00007fff65460000 - 0x00007fff65598000 	C:\WINDOWS\System32\gdi32full.dll
0x00007fff65230000 - 0x00007fff652d3000 	C:\WINDOWS\System32\msvcp_win.dll
0x00007fff652e0000 - 0x00007fff6542b000 	C:\WINDOWS\System32\ucrtbase.dll
0x00007fff67700000 - 0x00007fff677b4000 	C:\WINDOWS\System32\ADVAPI32.dll
0x00007fff65dd0000 - 0x00007fff65e79000 	C:\WINDOWS\System32\msvcrt.dll
0x00007fff66600000 - 0x00007fff666a6000 	C:\WINDOWS\System32\sechost.dll
0x00007fff675e0000 - 0x00007fff676f8000 	C:\WINDOWS\System32\RPCRT4.dll
0x00007fff3a5e0000 - 0x00007fff3a63c000 	C:\Program Files (x86)\K7 Computing\K7TSecurity\K7Crvr64.dll
0x00007fff47e20000 - 0x00007fff47e39000 	C:\Program Files\Java\jdk-17\bin\jli.dll
0x00007fff3f510000 - 0x00007fff3f52b000 	C:\Program Files\Java\jdk-17\bin\VCRUNTIME140.dll
0x00007fff47300000 - 0x00007fff4759a000 	C:\WINDOWS\WinSxS\amd64_microsoft.windows.common-controls_6595b64144ccf1df_6.0.26100.4768_none_3e0c112ce331287c\COMCTL32.dll
0x00007fff59e40000 - 0x00007fff59e4b000 	C:\WINDOWS\SYSTEM32\VERSION.dll
0x00007fff67920000 - 0x00007fff6794f000 	C:\WINDOWS\System32\IMM32.DLL
0x00007fff44660000 - 0x00007fff447bc000 	C:\Program Files (x86)\Citrix\ICA Client\ctxapclient64.dll
0x00007fff66860000 - 0x00007fff66be5000 	C:\WINDOWS\System32\combase.dll
0x00007fff65060000 - 0x00007fff65086000 	C:\WINDOWS\SYSTEM32\bcrypt.dll
0x00007fff64020000 - 0x00007fff64056000 	C:\WINDOWS\SYSTEM32\ntmarta.dll
0x00007fff65d30000 - 0x00007fff65dc9000 	C:\WINDOWS\System32\bcryptprimitives.dll
0x00007fff4e0d0000 - 0x00007fff4e0dc000 	C:\Program Files\Java\jdk-17\bin\vcruntime140_1.dll
0x00007fff28340000 - 0x00007fff283ce000 	C:\Program Files\Java\jdk-17\bin\msvcp140.dll
0x00007ffef0e70000 - 0x00007ffef1a4e000 	C:\Program Files\Java\jdk-17\bin\server\jvm.dll
0x00007fff678b0000 - 0x00007fff678b8000 	C:\WINDOWS\System32\PSAPI.DLL
0x00007fff4b330000 - 0x00007fff4b33a000 	C:\WINDOWS\SYSTEM32\WSOCK32.dll
0x00007fff66300000 - 0x00007fff66374000 	C:\WINDOWS\System32\WS2_32.dll
0x00007fff57b00000 - 0x00007fff57b35000 	C:\WINDOWS\SYSTEM32\WINMM.dll
0x00007fff63ed0000 - 0x00007fff63eeb000 	C:\WINDOWS\SYSTEM32\kernel.appcore.dll
0x00007fff4b340000 - 0x00007fff4b34a000 	C:\Program Files\Java\jdk-17\bin\jimage.dll
0x00007fff629c0000 - 0x00007fff62c01000 	C:\WINDOWS\SYSTEM32\DBGHELP.DLL
0x00007fff677c0000 - 0x00007fff678a0000 	C:\WINDOWS\System32\OLEAUT32.dll
0x00007fff43ce0000 - 0x00007fff43d23000 	C:\WINDOWS\SYSTEM32\dbgcore.DLL
0x00007fff32050000 - 0x00007fff32075000 	C:\Program Files\Java\jdk-17\bin\java.dll
0x00007fff27090000 - 0x00007fff27167000 	C:\Program Files\Java\jdk-17\bin\jsvml.dll
0x000001e6e0000000 - 0x000001e6e074d000 	C:\WINDOWS\System32\SHELL32.dll
0x000001e69ac90000 - 0x000001e69ae03000 	C:\WINDOWS\System32\wintypes.dll
0x00007fff62d10000 - 0x00007fff6356f000 	C:\WINDOWS\SYSTEM32\windows.storage.dll
0x00007fff67f00000 - 0x00007fff67ff5000 	C:\WINDOWS\System32\SHCORE.dll
0x00007fff67520000 - 0x00007fff6758a000 	C:\WINDOWS\System32\shlwapi.dll
0x00007fff65090000 - 0x00007fff650b9000 	C:\WINDOWS\SYSTEM32\profapi.dll
0x00007fff36ea0000 - 0x00007fff36eb9000 	C:\Program Files\Java\jdk-17\bin\net.dll
0x00007fff5b350000 - 0x00007fff5b46e000 	C:\WINDOWS\SYSTEM32\WINHTTP.dll
0x00007fff64480000 - 0x00007fff644eb000 	C:\WINDOWS\system32\mswsock.dll
0x00007fff2c5e0000 - 0x00007fff2c5f6000 	C:\Program Files\Java\jdk-17\bin\nio.dll
0x00007fff294f0000 - 0x00007fff29508000 	C:\Program Files\Java\jdk-17\bin\zip.dll
0x00007fff4b070000 - 0x00007fff4b07a000 	C:\Program Files\Java\jdk-17\bin\management.dll
0x00007fff4af80000 - 0x00007fff4af8b000 	C:\Program Files\Java\jdk-17\bin\management_ext.dll
0x00007fff638b0000 - 0x00007fff638e3000 	C:\WINDOWS\SYSTEM32\IPHLPAPI.DLL
0x00007fff65f80000 - 0x00007fff65f8a000 	C:\WINDOWS\System32\NSI.dll
0x00007fff5c4b0000 - 0x00007fff5c4cf000 	C:\WINDOWS\SYSTEM32\dhcpcsvc6.DLL
0x00007fff5c410000 - 0x00007fff5c435000 	C:\WINDOWS\SYSTEM32\dhcpcsvc.DLL
0x00007fff638f0000 - 0x00007fff63a16000 	C:\WINDOWS\SYSTEM32\DNSAPI.dll
0x00007fff5ac00000 - 0x00007fff5ac0b000 	C:\Windows\System32\rasadhlp.dll
0x00007fff5c650000 - 0x00007fff5c6d6000 	C:\WINDOWS\System32\fwpuclnt.dll
0x00007fff4ad70000 - 0x00007fff4ad7e000 	C:\Program Files\Java\jdk-17\bin\sunmscapi.dll
0x000001e6e4560000 - 0x000001e6e46d7000 	C:\WINDOWS\System32\CRYPT32.dll
0x00007fff64960000 - 0x00007fff64990000 	C:\WINDOWS\SYSTEM32\ncrypt.dll
0x00007fff64910000 - 0x00007fff6494f000 	C:\WINDOWS\SYSTEM32\NTASN1.dll
0x00007fff64740000 - 0x00007fff6475b000 	C:\WINDOWS\SYSTEM32\CRYPTSP.dll
0x00007fff63e30000 - 0x00007fff63e6b000 	C:\WINDOWS\system32\rsaenh.dll
0x00007fff64520000 - 0x00007fff6454b000 	C:\WINDOWS\SYSTEM32\USERENV.dll
0x00007fff64760000 - 0x00007fff6476c000 	C:\WINDOWS\SYSTEM32\CRYPTBASE.dll
0x00007fff48750000 - 0x00007fff48760000 	C:\Program Files\Java\jdk-17\bin\verify.dll
0x00007fff294e0000 - 0x00007fff294e8000 	C:\WINDOWS\system32\wshunix.dll

dbghelp: loaded successfully - version: 4.0.5 - missing functions: none
symbol engine: initialized successfully - sym options: 0x614 - pdb path: .;C:\Program Files\Java\jdk-17\bin;C:\WINDOWS\SYSTEM32;C:\Program Files (x86)\K7 Computing\K7TSecurity;C:\WINDOWS\WinSxS\amd64_microsoft.windows.common-controls_6595b64144ccf1df_6.0.26100.4768_none_3e0c112ce331287c;C:\Program Files (x86)\Citrix\ICA Client;C:\Program Files\Java\jdk-17\bin\server

VM Arguments:
jvm_args: -Dfile.encoding=UTF-8 -Dstdout.encoding=UTF-8 -Dstderr.encoding=UTF-8 -XX:+ShowCodeDetailsInExceptionMessages 
java_command: com.example.orderinventory.order_service.OrderServiceApplication
java_class_path (initial): D:\Springboot\Order Inventory\order-repository\target\classes;C:\Users\haris\.m2\repository\org\springframework\boot\spring-boot-starter-data-jpa\3.3.1\spring-boot-starter-data-jpa-3.3.1.jar;C:\Users\haris\.m2\repository\org\springframework\boot\spring-boot-starter-aop\3.3.1\spring-boot-starter-aop-3.3.1.jar;C:\Users\haris\.m2\repository\org\springframework\spring-aop\6.1.10\spring-aop-6.1.10.jar;C:\Users\haris\.m2\repository\org\aspectj\aspectjweaver\1.9.22\aspectjweaver-1.9.22.jar;C:\Users\haris\.m2\repository\org\springframework\boot\spring-boot-starter-jdbc\3.3.1\spring-boot-starter-jdbc-3.3.1.jar;C:\Users\haris\.m2\repository\com\zaxxer\HikariCP\5.1.0\HikariCP-5.1.0.jar;C:\Users\haris\.m2\repository\org\springframework\spring-jdbc\6.1.10\spring-jdbc-6.1.10.jar;C:\Users\haris\.m2\repository\org\hibernate\orm\hibernate-core\6.5.2.Final\hibernate-core-6.5.2.Final.jar;C:\Users\haris\.m2\repository\jakarta\persistence\jakarta.persistence-api\3.1.0\jakarta.persistence-api-3.1.0.jar;C:\Users\haris\.m2\repository\jakarta\transaction\jakarta.transaction-api\2.0.1\jakarta.transaction-api-2.0.1.jar;C:\Users\haris\.m2\repository\org\jboss\logging\jboss-logging\3.5.3.Final\jboss-logging-3.5.3.Final.jar;C:\Users\haris\.m2\repository\org\hibernate\common\hibernate-commons-annotations\6.0.6.Final\hibernate-commons-annotations-6.0.6.Final.jar;C:\Users\haris\.m2\repository\io\smallrye\jandex\3.1.2\jandex-3.1.2.jar;C:\Users\haris\.m2\repository\com\fasterxml\classmate\1.7.0\classmate-1.7.0.jar;C:\Users\haris\.m2\repository\net\bytebuddy\byte-buddy\1.14.17\byte-buddy-1.14.17.jar;C:\Users\haris\.m2\repository\org\glassfish\jaxb\jaxb-runtime\4.0.5\jaxb-runtime-4.0.5.jar;C:\Users\haris\.m2\repository\org\glassfish\jaxb\jaxb-core\4.0.5\jaxb-core-4.0.5.jar;C:\Users\haris\.m2\repository\org\eclipse\angus\angus-activation\2.0.2\angus-activation-2.0.2.jar;C:\Users\haris\.m2\repository\org\glassfish\jaxb\txw2\4.0.5\txw2-4.0.5.jar;C:\Users\haris\.m2\repository\c
Launcher Type: SUN_STANDARD

[Global flags]
     intx CICompilerCount                          = 4                                         {product} {ergonomic}
     uint ConcGCThreads                            = 2                                         {product} {ergonomic}
     uint G1ConcRefinementThreads                  = 8                                         {product} {ergonomic}
   size_t G1HeapRegionSize                         = 1048576                                   {product} {ergonomic}
    uintx GCDrainStackTargetSize                   = 64                                        {product} {ergonomic}
   size_t InitialHeapSize                          = 130023424                                 {product} {ergonomic}
   size_t MarkStackSize                            = 4194304                                   {product} {ergonomic}
   size_t MaxHeapSize                              = 2055208960                                {product} {ergonomic}
   size_t MaxNewSize                               = 1233125376                                {product} {ergonomic}
   size_t MinHeapDeltaBytes                        = 1048576                                   {product} {ergonomic}
   size_t MinHeapSize                              = 8388608                                   {product} {ergonomic}
    uintx NonNMethodCodeHeapSize                   = 5839372                                {pd product} {ergonomic}
    uintx NonProfiledCodeHeapSize                  = 122909434                              {pd product} {ergonomic}
    uintx ProfiledCodeHeapSize                     = 122909434                              {pd product} {ergonomic}
    uintx ReservedCodeCacheSize                    = 251658240                              {pd product} {ergonomic}
     bool SegmentedCodeCache                       = true                                      {product} {ergonomic}
     bool ShowCodeDetailsInExceptionMessages       = true                                   {manageable} {command line}
   size_t SoftMaxHeapSize                          = 2055208960                             {manageable} {ergonomic}
     bool UseCompressedClassPointers               = true                           {product lp64_product} {ergonomic}
     bool UseCompressedOops                        = true                           {product lp64_product} {ergonomic}
     bool UseG1GC                                  = true                                      {product} {ergonomic}
     bool UseLargePagesIndividualAllocation        = false                                  {pd product} {ergonomic}

Logging:
Log output configuration:
 #0: stdout all=warning uptime,level,tags
 #1: stderr all=off uptime,level,tags

Environment Variables:
JAVA_HOME=C:\Program Files\Java\jdk-17
CLASSPATH=C:\Program Files\apache-tomcat-8.5.73\bin;C:\Program Files\Java\jdk-17\bin;C:\Program Files\Java\jre1.8.0_361\bin;
PATH=D:/eclipse-jee-2025-03-R-win32-x86_64/eclipse//plugins/org.eclipse.justj.openjdk.hotspot.jre.full.win32.x86_64_21.0.6.v20250130-0529/jre/bin/server;D:/eclipse-jee-2025-03-R-win32-x86_64/eclipse//plugins/org.eclipse.justj.openjdk.hotspot.jre.full.win32.x86_64_21.0.6.v20250130-0529/jre/bin;C:\Users\haris\Oracle\app\oracle\product\11.2.0\server\bin;C:\app\haris\dbhomeXE\bin;C:\app\haris\product\21c\dbhomeXE\bin;C:\Program Files\Common Files\Oracle\Java\javapath;C:\Program Files (x86)\Common Files\Oracle\Java\javapath;C:\windows\system32;C:\windows;C:\windows\System32\Wbem;C:\windows\System32\WindowsPowerShell\v1.0\;C:\windows\System32\OpenSSH\;C:\Program Files\dotnet\;C:\WINDOWS\system32;C:\WINDOWS;C:\WINDOWS\System32\Wbem;C:\WINDOWS\System32\WindowsPowerShell\v1.0\;C:\WINDOWS\System32\OpenSSH\;C:\Program Files\MySQL\MySQL Server 8.0\bin;C:\Program Files\nodejs\;C:\ProgramData\chocolatey\bin;C:\Users\haris\AppData\Roaming\npm\node_modules\solc;C:\ProgramData\chocolatey\lib\maven\apache-maven-3.9.9\bin;C:\Program Files\Git\cmd;C:\Program Files\Docker\Docker\resources\bin;C:\Users\haris\AppData\Local\Programs\Python\Python310\;C:\Users\haris\AppData\Local\Microsoft\WindowsApps;C:\Users\haris\AppData\Local\Programs\Microsoft VS Code\bin;C:\Windows\System32;C:\Users\haris\AppData\Roaming\npm;C:\Program Files (x86)\Inno Setup 6;;D:\eclipse-jee-2025-03-R-win32-x86_64\eclipse;
USERNAME=haris
OS=Windows_NT
PROCESSOR_IDENTIFIER=Intel64 Family 6 Model 140 Stepping 1, GenuineIntel



---------------  S Y S T E M  ---------------

OS:
 Windows 11 , 64 bit Build 26100 (10.0.26100.4768)
OS uptime: 1 days 4:58 hours
Hyper-V role detected

CPU: total 8 (initial active 8) (4 cores per cpu, 2 threads per core) family 6 model 140 stepping 1 microcode 0xb4, cx8, cmov, fxsr, ht, mmx, 3dnowpref, sse, sse2, sse3, ssse3, sse4.1, sse4.2, popcnt, lzcnt, tsc, tscinvbit, avx, avx2, aes, erms, clmul, bmi1, bmi2, adx, avx512f, avx512dq, avx512cd, avx512bw, avx512vl, sha, fma, vzeroupper, avx512_vpopcntdq, avx512_vpclmulqdq, avx512_vaes, avx512_vnni, clflush, clflushopt, clwb, avx512_vbmi2, avx512_vbmi, hv

Memory: 4k page, system-wide physical 7834M (441M free)
TotalPageFile size 13173M (AvailPageFile size 4M)
current process WorkingSet (physical memory assigned to process): 269M, peak: 318M
current process commit charge ("private bytes"): 307M, peak: 354M

vm_info: Java HotSpot(TM) 64-Bit Server VM (17.0.8+9-LTS-211) for windows-amd64 JRE (17.0.8+9-LTS-211), built on Jun 14 2023 10:34:31 by "mach5one" with MS VC++ 17.1 (VS2022)

END.
